C:\USERS\MARCAO\DESKTOP\PROJETO 1.00.18\MAIN\MAIN\RELEASE\ANTIHACK.OBJ
C:\USERS\MARCAO\DESKTOP\PROJETO 1.00.18\MAIN\MAIN\RELEASE\CONFIGS.OBJ
C:\USERS\MARCAO\DESKTOP\PROJETO 1.00.18\MAIN\MAIN\RELEASE\CRC.OBJ
C:\USERS\MARCAO\DESKTOP\PROJETO 1.00.18\MAIN\MAIN\RELEASE\FUNCS.OBJ
C:\USERS\MARCAO\DESKTOP\PROJETO 1.00.18\MAIN\MAIN\RELEASE\MAIN.DLL.INTERMEDIATE.MANIFEST
C:\USERS\MARCAO\DESKTOP\PROJETO 1.00.18\MAIN\MAIN\RELEASE\MAIN.OBJ
C:\USERS\MARCAO\DESKTOP\PROJETO 1.00.18\MAIN\MAIN\RELEASE\VC100.PDB
C:\USERS\MARCAO\DESKTOP\PROJETO 1.00.18\MAIN\RELEASE\MAIN.DLL
C:\Users\Marcao\Desktop\Projeto 1.00.18\Main\Release\Main.exp
C:\Users\Marcao\Desktop\Projeto 1.00.18\Main\Release\Main.lib
C:\USERS\MARCAO\DESKTOP\PROJETO 1.00.18\MAIN\RELEASE\MAIN.PDB
D:\PROJETOS\PROJETO 1.00.18\MAIN\MAIN\RELEASE\ANTIHACK.OBJ
D:\Projetos\Projeto 1.00.18\Main\Main\Release\cl.command.1.tlog
D:\Projetos\Projeto 1.00.18\Main\Main\Release\CL.read.1.tlog
D:\Projetos\Projeto 1.00.18\Main\Main\Release\CL.write.1.tlog
D:\PROJETOS\PROJETO 1.00.18\MAIN\MAIN\RELEASE\CONFIGS.OBJ
D:\PROJETOS\PROJETO 1.00.18\MAIN\MAIN\RELEASE\CRC.OBJ
D:\PROJETOS\PROJETO 1.00.18\MAIN\MAIN\RELEASE\FUNCS.OBJ
D:\Projetos\Projeto 1.00.18\Main\Main\Release\link.command.1.tlog
D:\Projetos\Projeto 1.00.18\Main\Main\Release\link.read.1.tlog
D:\Projetos\Projeto 1.00.18\Main\Main\Release\link.write.1.tlog
D:\PROJETOS\PROJETO 1.00.18\MAIN\MAIN\RELEASE\MAIN.DLL.INTERMEDIATE.MANIFEST
D:\PROJETOS\PROJETO 1.00.18\MAIN\MAIN\RELEASE\MAIN.OBJ
D:\Projetos\Projeto 1.00.18\Main\Main\Release\Main.vcxprojResolveAssemblyReference.cache
D:\Projetos\Projeto 1.00.18\Main\Main\Release\Main.write.1.tlog
D:\Projetos\Projeto 1.00.18\Main\Main\Release\mt.command.1.tlog
D:\Projetos\Projeto 1.00.18\Main\Main\Release\mt.read.1.tlog
D:\Projetos\Projeto 1.00.18\Main\Main\Release\mt.write.1.tlog
D:\PROJETOS\PROJETO 1.00.18\MAIN\MAIN\RELEASE\VC100.PDB
D:\PROJETOS\PROJETO 1.00.18\MAIN\RELEASE\MAIN.DLL
D:\Projetos\Projeto 1.00.18\Main\Release\Main.exp
D:\Projetos\Projeto 1.00.18\Main\Release\Main.lib
D:\PROJETOS\PROJETO 1.00.18\MAIN\RELEASE\MAIN.PDB
