C:\USERS\MARCAO\DESKTOP\WZAG_MAIN_MUMAKER_VB6\WZAG_1.00.18_GSN\WZAG\DEBUG\ANTISPRUT.OBJ
C:\USERS\MARCAO\DESKTOP\WZAG_MAIN_MUMAKER_VB6\WZAG_1.00.18_GSN\WZAG\DEBUG\ATTACKFIX.OBJ
C:\USERS\MARCAO\DESKTOP\WZAG_MAIN_MUMAKER_VB6\WZAG_1.00.18_GSN\WZAG\DEBUG\BLOODCASTLE.OBJ
C:\USERS\MARCAO\DESKTOP\WZAG_MAIN_MUMAKER_VB6\WZAG_1.00.18_GSN\WZAG\DEBUG\BONUS.OBJ
C:\USERS\MARCAO\DESKTOP\WZAG_MAIN_MUMAKER_VB6\WZAG_1.00.18_GSN\WZAG\DEBUG\CALCHARACTER.OBJ
C:\USERS\MARCAO\DESKTOP\WZAG_MAIN_MUMAKER_VB6\WZAG_1.00.18_GSN\WZAG\DEBUG\CHAOSBOX.OBJ
C:\USERS\MARCAO\DESKTOP\WZAG_MAIN_MUMAKER_VB6\WZAG_1.00.18_GSN\WZAG\DEBUG\CHAOSCASTLE.OBJ
C:\Users\Marcao\Desktop\WZAG_MAIN_MUMAKER_VB6\WzAg_1.00.18_GSN\WzAg\Debug\cl.command.1.tlog
C:\Users\Marcao\Desktop\WZAG_MAIN_MUMAKER_VB6\WzAg_1.00.18_GSN\WzAg\Debug\CL.read.1.tlog
C:\Users\Marcao\Desktop\WZAG_MAIN_MUMAKER_VB6\WzAg_1.00.18_GSN\WzAg\Debug\CL.write.1.tlog
C:\USERS\MARCAO\DESKTOP\WZAG_MAIN_MUMAKER_VB6\WZAG_1.00.18_GSN\WZAG\DEBUG\CMM_ACEITAR.OBJ
C:\USERS\MARCAO\DESKTOP\WZAG_MAIN_MUMAKER_VB6\WZAG_1.00.18_GSN\WZAG\DEBUG\CMM_ADICIONARPONTOS.OBJ
C:\USERS\MARCAO\DESKTOP\WZAG_MAIN_MUMAKER_VB6\WZAG_1.00.18_GSN\WZAG\DEBUG\CMM_AJUDA.OBJ
C:\USERS\MARCAO\DESKTOP\WZAG_MAIN_MUMAKER_VB6\WZAG_1.00.18_GSN\WZAG\DEBUG\CMM_CASAR.OBJ
C:\USERS\MARCAO\DESKTOP\WZAG_MAIN_MUMAKER_VB6\WZAG_1.00.18_GSN\WZAG\DEBUG\CMM_CHATOFF_E_CHATON.OBJ
C:\USERS\MARCAO\DESKTOP\WZAG_MAIN_MUMAKER_VB6\WZAG_1.00.18_GSN\WZAG\DEBUG\CMM_DESBUGARPONTOS.OBJ
C:\USERS\MARCAO\DESKTOP\WZAG_MAIN_MUMAKER_VB6\WZAG_1.00.18_GSN\WZAG\DEBUG\CMM_DIVORCIAR.OBJ
C:\USERS\MARCAO\DESKTOP\WZAG_MAIN_MUMAKER_VB6\WZAG_1.00.18_GSN\WZAG\DEBUG\CMM_DROPARITEM.OBJ
C:\USERS\MARCAO\DESKTOP\WZAG_MAIN_MUMAKER_VB6\WZAG_1.00.18_GSN\WZAG\DEBUG\CMM_EVENTO.OBJ
C:\USERS\MARCAO\DESKTOP\WZAG_MAIN_MUMAKER_VB6\WZAG_1.00.18_GSN\WZAG\DEBUG\CMM_EVO.OBJ
C:\USERS\MARCAO\DESKTOP\WZAG_MAIN_MUMAKER_VB6\WZAG_1.00.18_GSN\WZAG\DEBUG\CMM_GMFALA.OBJ
C:\USERS\MARCAO\DESKTOP\WZAG_MAIN_MUMAKER_VB6\WZAG_1.00.18_GSN\WZAG\DEBUG\CMM_GMOVE.OBJ
C:\USERS\MARCAO\DESKTOP\WZAG_MAIN_MUMAKER_VB6\WZAG_1.00.18_GSN\WZAG\DEBUG\CMM_GMPUXARTODOS.OBJ
C:\USERS\MARCAO\DESKTOP\WZAG_MAIN_MUMAKER_VB6\WZAG_1.00.18_GSN\WZAG\DEBUG\CMM_INVOCARMONSTRO.OBJ
C:\USERS\MARCAO\DESKTOP\WZAG_MAIN_MUMAKER_VB6\WZAG_1.00.18_GSN\WZAG\DEBUG\CMM_LIMPARINVENTARIO.OBJ
C:\USERS\MARCAO\DESKTOP\WZAG_MAIN_MUMAKER_VB6\WZAG_1.00.18_GSN\WZAG\DEBUG\CMM_LIMPARPK.OBJ
C:\USERS\MARCAO\DESKTOP\WZAG_MAIN_MUMAKER_VB6\WZAG_1.00.18_GSN\WZAG\DEBUG\CMM_MASTERRESET.OBJ
C:\USERS\MARCAO\DESKTOP\WZAG_MAIN_MUMAKER_VB6\WZAG_1.00.18_GSN\WZAG\DEBUG\CMM_MUDARBAU.OBJ
C:\USERS\MARCAO\DESKTOP\WZAG_MAIN_MUMAKER_VB6\WZAG_1.00.18_GSN\WZAG\DEBUG\CMM_MUDARCLASSE.OBJ
C:\USERS\MARCAO\DESKTOP\WZAG_MAIN_MUMAKER_VB6\WZAG_1.00.18_GSN\WZAG\DEBUG\CMM_PERSONAGEMINFO.OBJ
C:\USERS\MARCAO\DESKTOP\WZAG_MAIN_MUMAKER_VB6\WZAG_1.00.18_GSN\WZAG\DEBUG\CMM_POST.OBJ
C:\USERS\MARCAO\DESKTOP\WZAG_MAIN_MUMAKER_VB6\WZAG_1.00.18_GSN\WZAG\DEBUG\CMM_PUXAR.OBJ
C:\USERS\MARCAO\DESKTOP\WZAG_MAIN_MUMAKER_VB6\WZAG_1.00.18_GSN\WZAG\DEBUG\CMM_PUXARTODOS.OBJ
C:\USERS\MARCAO\DESKTOP\WZAG_MAIN_MUMAKER_VB6\WZAG_1.00.18_GSN\WZAG\DEBUG\CMM_RECARREGARCONFIG.OBJ
C:\USERS\MARCAO\DESKTOP\WZAG_MAIN_MUMAKER_VB6\WZAG_1.00.18_GSN\WZAG\DEBUG\CMM_RECARREGARDROP.OBJ
C:\USERS\MARCAO\DESKTOP\WZAG_MAIN_MUMAKER_VB6\WZAG_1.00.18_GSN\WZAG\DEBUG\CMM_RECARREGARLOJAS.OBJ
C:\USERS\MARCAO\DESKTOP\WZAG_MAIN_MUMAKER_VB6\WZAG_1.00.18_GSN\WZAG\DEBUG\CMM_RECARREGARMONSTROS.OBJ
C:\USERS\MARCAO\DESKTOP\WZAG_MAIN_MUMAKER_VB6\WZAG_1.00.18_GSN\WZAG\DEBUG\CMM_RECARREGARMOVE.OBJ
C:\USERS\MARCAO\DESKTOP\WZAG_MAIN_MUMAKER_VB6\WZAG_1.00.18_GSN\WZAG\DEBUG\CMM_RECARREGARTUDO.OBJ
C:\USERS\MARCAO\DESKTOP\WZAG_MAIN_MUMAKER_VB6\WZAG_1.00.18_GSN\WZAG\DEBUG\CMM_RESETAR.OBJ
C:\USERS\MARCAO\DESKTOP\WZAG_MAIN_MUMAKER_VB6\WZAG_1.00.18_GSN\WZAG\DEBUG\CMM_SAIR.OBJ
C:\USERS\MARCAO\DESKTOP\WZAG_MAIN_MUMAKER_VB6\WZAG_1.00.18_GSN\WZAG\DEBUG\CMM_SELPERSONAGEM.OBJ
C:\USERS\MARCAO\DESKTOP\WZAG_MAIN_MUMAKER_VB6\WZAG_1.00.18_GSN\WZAG\DEBUG\CMM_SELSERVER.OBJ
C:\USERS\MARCAO\DESKTOP\WZAG_MAIN_MUMAKER_VB6\WZAG_1.00.18_GSN\WZAG\DEBUG\CMM_SKIN.OBJ
C:\USERS\MARCAO\DESKTOP\WZAG_MAIN_MUMAKER_VB6\WZAG_1.00.18_GSN\WZAG\DEBUG\CMM_TOTALON.OBJ
C:\USERS\MARCAO\DESKTOP\WZAG_MAIN_MUMAKER_VB6\WZAG_1.00.18_GSN\WZAG\DEBUG\CMM_TROCARITEM.OBJ
C:\USERS\MARCAO\DESKTOP\WZAG_MAIN_MUMAKER_VB6\WZAG_1.00.18_GSN\WZAG\DEBUG\CMM_ZEN.OBJ
C:\USERS\MARCAO\DESKTOP\WZAG_MAIN_MUMAKER_VB6\WZAG_1.00.18_GSN\WZAG\DEBUG\COMANDOS.OBJ
C:\USERS\MARCAO\DESKTOP\WZAG_MAIN_MUMAKER_VB6\WZAG_1.00.18_GSN\WZAG\DEBUG\CONFIGS.OBJ
C:\USERS\MARCAO\DESKTOP\WZAG_MAIN_MUMAKER_VB6\WZAG_1.00.18_GSN\WZAG\DEBUG\CRYWOLF.OBJ
C:\USERS\MARCAO\DESKTOP\WZAG_MAIN_MUMAKER_VB6\WZAG_1.00.18_GSN\WZAG\DEBUG\DEFINES.OBJ
C:\USERS\MARCAO\DESKTOP\WZAG_MAIN_MUMAKER_VB6\WZAG_1.00.18_GSN\WZAG\DEBUG\DEVILSQUARE.OBJ
C:\USERS\MARCAO\DESKTOP\WZAG_MAIN_MUMAKER_VB6\WZAG_1.00.18_GSN\WZAG\DEBUG\DROP_FUNCS.OBJ
C:\USERS\MARCAO\DESKTOP\WZAG_MAIN_MUMAKER_VB6\WZAG_1.00.18_GSN\WZAG\DEBUG\EFEITOS.OBJ
C:\USERS\MARCAO\DESKTOP\WZAG_MAIN_MUMAKER_VB6\WZAG_1.00.18_GSN\WZAG\DEBUG\EVENTOS.OBJ
C:\USERS\MARCAO\DESKTOP\WZAG_MAIN_MUMAKER_VB6\WZAG_1.00.18_GSN\WZAG\DEBUG\EXPC.OBJ
C:\USERS\MARCAO\DESKTOP\WZAG_MAIN_MUMAKER_VB6\WZAG_1.00.18_GSN\WZAG\DEBUG\FIXES.OBJ
C:\USERS\MARCAO\DESKTOP\WZAG_MAIN_MUMAKER_VB6\WZAG_1.00.18_GSN\WZAG\DEBUG\FIXXP.OBJ
C:\USERS\MARCAO\DESKTOP\WZAG_MAIN_MUMAKER_VB6\WZAG_1.00.18_GSN\WZAG\DEBUG\FUNCOES_ASM.OBJ
C:\USERS\MARCAO\DESKTOP\WZAG_MAIN_MUMAKER_VB6\WZAG_1.00.18_GSN\WZAG\DEBUG\FUNCOES_GS.OBJ
C:\USERS\MARCAO\DESKTOP\WZAG_MAIN_MUMAKER_VB6\WZAG_1.00.18_GSN\WZAG\DEBUG\INICIAR_DLL.OBJ
C:\USERS\MARCAO\DESKTOP\WZAG_MAIN_MUMAKER_VB6\WZAG_1.00.18_GSN\WZAG\DEBUG\JOGADOR.OBJ
C:\USERS\MARCAO\DESKTOP\WZAG_MAIN_MUMAKER_VB6\WZAG_1.00.18_GSN\WZAG\DEBUG\KALIMA.OBJ
C:\Users\Marcao\Desktop\WZAG_MAIN_MUMAKER_VB6\WzAg_1.00.18_GSN\WzAg\Debug\link.command.1.tlog
C:\Users\Marcao\Desktop\WZAG_MAIN_MUMAKER_VB6\WzAg_1.00.18_GSN\WzAg\Debug\link.read.1.tlog
C:\Users\Marcao\Desktop\WZAG_MAIN_MUMAKER_VB6\WzAg_1.00.18_GSN\WzAg\Debug\link.write.1.tlog
C:\USERS\MARCAO\DESKTOP\WZAG_MAIN_MUMAKER_VB6\WZAG_1.00.18_GSN\WZAG\DEBUG\MAPAS.OBJ
C:\USERS\MARCAO\DESKTOP\WZAG_MAIN_MUMAKER_VB6\WZAG_1.00.18_GSN\WZAG\DEBUG\MENSAGEMLOGIN.OBJ
C:\USERS\MARCAO\DESKTOP\WZAG_MAIN_MUMAKER_VB6\WZAG_1.00.18_GSN\WZAG\DEBUG\MOVE.OBJ
C:\USERS\MARCAO\DESKTOP\WZAG_MAIN_MUMAKER_VB6\WZAG_1.00.18_GSN\WZAG\DEBUG\MSSQL_DEFS.OBJ
C:\USERS\MARCAO\DESKTOP\WZAG_MAIN_MUMAKER_VB6\WZAG_1.00.18_GSN\WZAG\DEBUG\MSSQL_HANDLER.OBJ
C:\USERS\MARCAO\DESKTOP\WZAG_MAIN_MUMAKER_VB6\WZAG_1.00.18_GSN\WZAG\DEBUG\NOTICIAS.OBJ
C:\USERS\MARCAO\DESKTOP\WZAG_MAIN_MUMAKER_VB6\WZAG_1.00.18_GSN\WZAG\DEBUG\NPC.OBJ
C:\USERS\MARCAO\DESKTOP\WZAG_MAIN_MUMAKER_VB6\WZAG_1.00.18_GSN\WZAG\DEBUG\NPC_MALUCO.OBJ
C:\USERS\MARCAO\DESKTOP\WZAG_MAIN_MUMAKER_VB6\WZAG_1.00.18_GSN\WZAG\DEBUG\PROTOCOLOS.OBJ
C:\USERS\MARCAO\DESKTOP\WZAG_MAIN_MUMAKER_VB6\WZAG_1.00.18_GSN\WZAG\DEBUG\PVP.OBJ
C:\USERS\MARCAO\DESKTOP\WZAG_MAIN_MUMAKER_VB6\WZAG_1.00.18_GSN\WZAG\DEBUG\RESET.OBJ
C:\USERS\MARCAO\DESKTOP\WZAG_MAIN_MUMAKER_VB6\WZAG_1.00.18_GSN\WZAG\DEBUG\SISTEMA_PONTOS.OBJ
C:\USERS\MARCAO\DESKTOP\WZAG_MAIN_MUMAKER_VB6\WZAG_1.00.18_GSN\WZAG\DEBUG\SISTEMADROP.OBJ
C:\USERS\MARCAO\DESKTOP\WZAG_MAIN_MUMAKER_VB6\WZAG_1.00.18_GSN\WZAG\DEBUG\STATMNG.OBJ
C:\Users\Marcao\Desktop\WZAG_MAIN_MUMAKER_VB6\WzAg_1.00.18_GSN\WzAg\Debug\vc100.idb
C:\USERS\MARCAO\DESKTOP\WZAG_MAIN_MUMAKER_VB6\WZAG_1.00.18_GSN\WZAG\DEBUG\VC100.PDB
C:\USERS\MARCAO\DESKTOP\WZAG_MAIN_MUMAKER_VB6\WZAG_1.00.18_GSN\WZAG\DEBUG\VISUAL.OBJ
C:\USERS\MARCAO\DESKTOP\WZAG_MAIN_MUMAKER_VB6\WZAG_1.00.18_GSN\WZAG\DEBUG\WZAG.OBJ
C:\Users\Marcao\Desktop\WZAG_MAIN_MUMAKER_VB6\WzAg_1.00.18_GSN\WzAg\Debug\WzAg.vcxprojResolveAssemblyReference.cache
C:\Users\Marcao\Desktop\WZAG_MAIN_MUMAKER_VB6\WzAg_1.00.18_GSN\WzAg\Debug\WzAg.write.1.tlog
C:\USERS\MARCAO\DESKTOP\WZAG_MAIN_MUMAKER_VB6\WZAG_1.00.18_GSN\WZAG\DEBUG\WZAG_EXPORTS.OBJ
